<?xml version='1.0' encoding='UTF-8'?>
<testsuite hostname="Maple" name="MainSpec" tests="3" errors="0" failures="0" skipped="0" time="0.282" timestamp="2024-05-21T17:46:11">
          <properties>
      <property name="awt.toolkit" value="sun.awt.windows.WToolkit"/><property name="java.specification.version" value="11"/><property name="sun.cpu.isalist" value="amd64"/><property name="sun.jnu.encoding" value="Cp1252"/><property name="sun.arch.data.model" value="64"/><property name="java.vendor.url" value="https://adoptium.net/"/><property name="sun.boot.library.path" value="C:\Users\Aurelien\AppData\Local\Coursier\cache\arc\https\github.com\adoptium\temurin11-binaries\releases\download\jdk-11.0.22%252B7\OpenJDK11U-jdk_x64_windows_hotspot_11.0.22_7.zip\jdk-11.0.22+7\bin"/><property name="sun.java.command" value="xsbt.boot.Boot"/><property name="jdk.debug" value="release"/><property name="sun.stderr.encoding" value="cp437"/><property name="java.specification.vendor" value="Oracle Corporation"/><property name="java.version.date" value="2024-01-16"/><property name="java.home" value="C:\Users\Aurelien\AppData\Local\Coursier\cache\arc\https\github.com\adoptium\temurin11-binaries\releases\download\jdk-11.0.22%252B7\OpenJDK11U-jdk_x64_windows_hotspot_11.0.22_7.zip\jdk-11.0.22+7"/><property name="file.separator" value="\"/><property name="java.vm.compressedOopsMode" value="32-bit"/><property name="line.separator" value="
"/><property name="sun.stdout.encoding" value="cp437"/><property name="java.specification.name" value="Java Platform API Specification"/><property name="java.vm.specification.vendor" value="Oracle Corporation"/><property name="user.script" value=""/><property name="sun.management.compiler" value="HotSpot 64-Bit Tiered Compilers"/><property name="java.runtime.version" value="11.0.22+7"/><property name="user.name" value="Aurelien"/><property name="log4j.ignoreTCL" value="true"/><property name="file.encoding" value="UTF-8"/><property name="jnidispatch.path" value="C:\Users\Aurelien\AppData\Local\Temp\jna-1437590765\jna3686034832008845600.dll"/><property name="java.vendor.version" value="Temurin-11.0.22+7"/><property name="jna.loaded" value="true"/><property name="java.io.tmpdir" value="C:\Users\Aurelien\AppData\Local\Temp\"/><property name="java.version" value="11.0.22"/><property name="java.vm.specification.name" value="Java Virtual Machine Specification"/><property name="java.awt.printerjob" value="sun.awt.windows.WPrinterJob"/><property name="sun.os.patch.level" value=""/><property name="java.library.path" value="C:\Users\Aurelien\AppData\Local\Coursier\cache\arc\https\github.com\adoptium\temurin11-binaries\releases\download\jdk-11.0.22%252B7\OpenJDK11U-jdk_x64_windows_hotspot_11.0.22_7.zip\jdk-11.0.22+7\bin;C:\WINDOWS\Sun\Java\bin;C:\WINDOWS\system32;C:\WINDOWS;C:\Users\Aurelien\AppData\Local\Coursier\cache\arc\https\github.com\adoptium\temurin11-binaries\releases\download\jdk-11.0.22%252B7\OpenJDK11U-jdk_x64_windows_hotspot_11.0.22_7.zip\jdk-11.0.22+7\bin;C:\Program Files (x86)\VMware\VMware Player\bin\;C:\WINDOWS\system32;C:\WINDOWS;C:\WINDOWS\System32\Wbem;C:\WINDOWS\System32\WindowsPowerShell\v1.0\;C:\WINDOWS\System32\OpenSSH\;C:\Program Files\nodejs\;C:\Program Files\PostgreSQL\16\bin;C:\Program Files\Git\cmd;C:\MinGW\bin;C:\Program Files\Microsoft SQL Server\150\Tools\Binn\;C:\Program Files\Microsoft SQL Server\Client SDK\ODBC\170\Tools\Binn\;C:\Program Files\dotnet\;C:\Program Files\Docker\Docker\resources\bin;C:\Users\Aurelien\AppData\Local\Coursier\data\bin;C:\Users\Aurelien\scoop\shims;C:\Users\Aurelien\AppData\Local\Microsoft\WindowsApps;C:\Users\Aurelien\AppData\Roaming\npm;C:\Users\Aurelien\AppData\Local\Programs\Microsoft VS Code\bin;C:\MinGW\bin;C:\Users\Aurelien\AppData\Local\Coursier\cache\arc\https\github.com\adoptium\temurin11-binaries\releases\download\jdk-11.0.22%252B7\OpenJDK11U-jdk_x64_windows_hotspot_11.0.22_7.zip\jdk-11.0.22+7\bin;C:\Users\Aurelien\AppData\Local\Coursier\data\bin;C:\Users\Aurelien\.dotnet\tools;C:\Users\Aurelien\AppData\Local\Coursier\data\bin;;."/><property name="java.vendor" value="Eclipse Adoptium"/><property name="java.specification.maintenance.version" value="2"/><property name="scala.ext.dirs" value="C:\Users\Aurelien\.sbt\1.0\java9-rt-ext-eclipse_adoptium_11_0_22"/><property name="sun.io.unicode.encoding" value="UnicodeLittle"/><property name="sun.desktop" value="windows"/><property name="java.class.path" value="C:\Users\Aurelien\AppData\Local\Coursier\cache\arc\https\github.com\sbt\sbt\releases\download\v1.9.9\sbt-1.9.9.zip\sbt\bin\sbt-launch.jar"/><property name="java.vm.vendor" value="Eclipse Adoptium"/><property name="user.variant" value=""/><property name="jline.shutdownhook" value="false"/><property name="user.timezone" value="Europe/Paris"/><property name="os.name" value="Windows 11"/><property name="java.vm.specification.version" value="11"/><property name="sun.java.launcher" value="SUN_STANDARD"/><property name="user.country" value="FR"/><property name="sun.cpu.endian" value="little"/><property name="user.home" value="C:\Users\Aurelien"/><property name="user.language" value="fr"/><property name="sbt.ipcsocket.tmpdir" value="C:\Users\Aurelien\AppData\Local\Temp\.sbt44771da6\ipcsocket"/><property name="swoval.tmpdir" value="C:\Users\Aurelien\AppData\Local\Temp\.sbt44771da6\swoval"/><property name="java.awt.graphicsenv" value="sun.awt.Win32GraphicsEnvironment"/><property name="jline.esc.timeout" value="0"/><property name="path.separator" value=";"/><property name="os.version" value="10.0"/><property name="jna.nosys" value="true"/><property name="java.runtime.name" value="OpenJDK Runtime Environment"/><property name="java.vm.name" value="OpenJDK 64-Bit Server VM"/><property name="java.vendor.url.bug" value="https://github.com/adoptium/adoptium-support/issues"/><property name="user.dir" value="C:\Users\Aurelien\Documents\cours\scala\projet soutenance\wikipages"/><property name="os.arch" value="amd64"/><property name="java.vm.info" value="mixed mode"/><property name="java.vm.version" value="11.0.22+7"/><property name="java.class.version" value="55.0"/>
    </properties>
          <testcase classname="MainSpec" name="A simple test should pass when everything is OK" time="0.015">
                      
                    </testcase><testcase classname="MainSpec" name="formatUrl should format the URL correctly" time="0.003">
                      
                    </testcase><testcase classname="MainSpec" name="parseJson should extract titles from JSON correctly" time="0.264">
                      
                    </testcase>
          <system-out><![CDATA[]]></system-out>
          <system-err><![CDATA[]]></system-err>
        </testsuite>